{"/Users/alexmagana/Documents/GitHub/postgres-express-node-app/server/controllers/index.js": {"path":"/Users/alexmagana/Documents/GitHub/postgres-express-node-app/server/controllers/index.js","statementMap":{"0":{"start":{"line":1,"column":14},"end":{"line":1,"column":32}},"1":{"start":{"line":2,"column":18},"end":{"line":2,"column":40}},"2":{"start":{"line":4,"column":0},"end":{"line":7,"column":2}}},"fnMap":{},"branchMap":{},"s":{"0":1,"1":1,"2":1},"f":{},"b":{},"_coverageSchema":"1a1c01bbd47fc00a2c39e90264f33305004495a9","hash":"f0e253e9e5e438854bd2308fcd7b2a31856e7b20"}
,"/Users/alexmagana/Documents/GitHub/postgres-express-node-app/server/controllers/todoitems.js": {"path":"/Users/alexmagana/Documents/GitHub/postgres-express-node-app/server/controllers/todoitems.js","statementMap":{"0":{"start":{"line":1,"column":17},"end":{"line":1,"column":46}},"1":{"start":{"line":3,"column":0},"end":{"line":55,"column":2}},"2":{"start":{"line":5,"column":8},"end":{"line":11,"column":57}},"3":{"start":{"line":10,"column":30},"end":{"line":10,"column":60}},"4":{"start":{"line":11,"column":28},"end":{"line":11,"column":55}},"5":{"start":{"line":14,"column":8},"end":{"line":32,"column":57}},"6":{"start":{"line":22,"column":16},"end":{"line":26,"column":17}},"7":{"start":{"line":23,"column":20},"end":{"line":25,"column":23}},"8":{"start":{"line":27,"column":16},"end":{"line":30,"column":65}},"9":{"start":{"line":29,"column":45},"end":{"line":29,"column":82}},"10":{"start":{"line":30,"column":36},"end":{"line":30,"column":63}},"11":{"start":{"line":32,"column":28},"end":{"line":32,"column":55}},"12":{"start":{"line":35,"column":8},"end":{"line":53,"column":57}},"13":{"start":{"line":43,"column":16},"end":{"line":47,"column":17}},"14":{"start":{"line":44,"column":20},"end":{"line":46,"column":23}},"15":{"start":{"line":48,"column":16},"end":{"line":51,"column":65}},"16":{"start":{"line":50,"column":32},"end":{"line":50,"column":54}},"17":{"start":{"line":51,"column":36},"end":{"line":51,"column":63}},"18":{"start":{"line":53,"column":28},"end":{"line":53,"column":55}}},"fnMap":{"0":{"name":"(anonymous_0)","decl":{"start":{"line":4,"column":4},"end":{"line":4,"column":5}},"loc":{"start":{"line":4,"column":21},"end":{"line":12,"column":5}},"line":4},"1":{"name":"(anonymous_1)","decl":{"start":{"line":10,"column":18},"end":{"line":10,"column":19}},"loc":{"start":{"line":10,"column":30},"end":{"line":10,"column":60}},"line":10},"2":{"name":"(anonymous_2)","decl":{"start":{"line":11,"column":19},"end":{"line":11,"column":20}},"loc":{"start":{"line":11,"column":28},"end":{"line":11,"column":55}},"line":11},"3":{"name":"(anonymous_3)","decl":{"start":{"line":13,"column":4},"end":{"line":13,"column":5}},"loc":{"start":{"line":13,"column":21},"end":{"line":33,"column":5}},"line":13},"4":{"name":"(anonymous_4)","decl":{"start":{"line":21,"column":18},"end":{"line":21,"column":19}},"loc":{"start":{"line":21,"column":30},"end":{"line":31,"column":13}},"line":21},"5":{"name":"(anonymous_5)","decl":{"start":{"line":29,"column":26},"end":{"line":29,"column":27}},"loc":{"start":{"line":29,"column":45},"end":{"line":29,"column":82}},"line":29},"6":{"name":"(anonymous_6)","decl":{"start":{"line":30,"column":27},"end":{"line":30,"column":28}},"loc":{"start":{"line":30,"column":36},"end":{"line":30,"column":63}},"line":30},"7":{"name":"(anonymous_7)","decl":{"start":{"line":32,"column":19},"end":{"line":32,"column":20}},"loc":{"start":{"line":32,"column":28},"end":{"line":32,"column":55}},"line":32},"8":{"name":"(anonymous_8)","decl":{"start":{"line":34,"column":4},"end":{"line":34,"column":5}},"loc":{"start":{"line":34,"column":22},"end":{"line":54,"column":5}},"line":34},"9":{"name":"(anonymous_9)","decl":{"start":{"line":42,"column":18},"end":{"line":42,"column":19}},"loc":{"start":{"line":42,"column":30},"end":{"line":52,"column":13}},"line":42},"10":{"name":"(anonymous_10)","decl":{"start":{"line":50,"column":26},"end":{"line":50,"column":27}},"loc":{"start":{"line":50,"column":32},"end":{"line":50,"column":54}},"line":50},"11":{"name":"(anonymous_11)","decl":{"start":{"line":51,"column":27},"end":{"line":51,"column":28}},"loc":{"start":{"line":51,"column":36},"end":{"line":51,"column":63}},"line":51},"12":{"name":"(anonymous_12)","decl":{"start":{"line":53,"column":19},"end":{"line":53,"column":20}},"loc":{"start":{"line":53,"column":28},"end":{"line":53,"column":55}},"line":53}},"branchMap":{"0":{"loc":{"start":{"line":22,"column":16},"end":{"line":26,"column":17}},"type":"if","locations":[{"start":{"line":22,"column":16},"end":{"line":26,"column":17}},{"start":{"line":22,"column":16},"end":{"line":26,"column":17}}],"line":22},"1":{"loc":{"start":{"line":43,"column":16},"end":{"line":47,"column":17}},"type":"if","locations":[{"start":{"line":43,"column":16},"end":{"line":47,"column":17}},{"start":{"line":43,"column":16},"end":{"line":47,"column":17}}],"line":43}},"s":{"0":1,"1":1,"2":0,"3":0,"4":0,"5":0,"6":0,"7":0,"8":0,"9":0,"10":0,"11":0,"12":0,"13":0,"14":0,"15":0,"16":0,"17":0,"18":0},"f":{"0":0,"1":0,"2":0,"3":0,"4":0,"5":0,"6":0,"7":0,"8":0,"9":0,"10":0,"11":0,"12":0},"b":{"0":[0,0],"1":[0,0]},"_coverageSchema":"1a1c01bbd47fc00a2c39e90264f33305004495a9","hash":"b9f5a8ad68befdddba67014390df434872aa2f19"}
,"/Users/alexmagana/Documents/GitHub/postgres-express-node-app/server/controllers/todos.js": {"path":"/Users/alexmagana/Documents/GitHub/postgres-express-node-app/server/controllers/todos.js","statementMap":{"0":{"start":{"line":1,"column":13},"end":{"line":1,"column":38}},"1":{"start":{"line":2,"column":17},"end":{"line":2,"column":46}},"2":{"start":{"line":4,"column":0},"end":{"line":81,"column":2}},"3":{"start":{"line":6,"column":8},"end":{"line":11,"column":57}},"4":{"start":{"line":10,"column":26},"end":{"line":10,"column":52}},"5":{"start":{"line":11,"column":28},"end":{"line":11,"column":55}},"6":{"start":{"line":14,"column":8},"end":{"line":22,"column":57}},"7":{"start":{"line":21,"column":27},"end":{"line":21,"column":54}},"8":{"start":{"line":22,"column":28},"end":{"line":22,"column":55}},"9":{"start":{"line":25,"column":8},"end":{"line":40,"column":57}},"10":{"start":{"line":33,"column":16},"end":{"line":37,"column":17}},"11":{"start":{"line":34,"column":20},"end":{"line":36,"column":23}},"12":{"start":{"line":38,"column":16},"end":{"line":38,"column":50}},"13":{"start":{"line":40,"column":28},"end":{"line":40,"column":55}},"14":{"start":{"line":43,"column":8},"end":{"line":63,"column":57}},"15":{"start":{"line":51,"column":16},"end":{"line":55,"column":17}},"16":{"start":{"line":52,"column":20},"end":{"line":54,"column":23}},"17":{"start":{"line":56,"column":16},"end":{"line":61,"column":65}},"18":{"start":{"line":60,"column":34},"end":{"line":60,"column":60}},"19":{"start":{"line":61,"column":36},"end":{"line":61,"column":63}},"20":{"start":{"line":63,"column":28},"end":{"line":63,"column":55}},"21":{"start":{"line":66,"column":8},"end":{"line":79,"column":57}},"22":{"start":{"line":69,"column":16},"end":{"line":73,"column":17}},"23":{"start":{"line":70,"column":20},"end":{"line":72,"column":23}},"24":{"start":{"line":74,"column":16},"end":{"line":77,"column":64}},"25":{"start":{"line":76,"column":32},"end":{"line":76,"column":54}},"26":{"start":{"line":77,"column":36},"end":{"line":77,"column":63}},"27":{"start":{"line":79,"column":28},"end":{"line":79,"column":55}}},"fnMap":{"0":{"name":"(anonymous_0)","decl":{"start":{"line":5,"column":4},"end":{"line":5,"column":5}},"loc":{"start":{"line":5,"column":21},"end":{"line":12,"column":5}},"line":5},"1":{"name":"(anonymous_1)","decl":{"start":{"line":10,"column":18},"end":{"line":10,"column":19}},"loc":{"start":{"line":10,"column":26},"end":{"line":10,"column":52}},"line":10},"2":{"name":"(anonymous_2)","decl":{"start":{"line":11,"column":19},"end":{"line":11,"column":20}},"loc":{"start":{"line":11,"column":28},"end":{"line":11,"column":55}},"line":11},"3":{"name":"(anonymous_3)","decl":{"start":{"line":13,"column":4},"end":{"line":13,"column":5}},"loc":{"start":{"line":13,"column":19},"end":{"line":23,"column":5}},"line":13},"4":{"name":"(anonymous_4)","decl":{"start":{"line":21,"column":18},"end":{"line":21,"column":19}},"loc":{"start":{"line":21,"column":27},"end":{"line":21,"column":54}},"line":21},"5":{"name":"(anonymous_5)","decl":{"start":{"line":22,"column":19},"end":{"line":22,"column":20}},"loc":{"start":{"line":22,"column":28},"end":{"line":22,"column":55}},"line":22},"6":{"name":"(anonymous_6)","decl":{"start":{"line":24,"column":4},"end":{"line":24,"column":5}},"loc":{"start":{"line":24,"column":23},"end":{"line":41,"column":5}},"line":24},"7":{"name":"(anonymous_7)","decl":{"start":{"line":32,"column":18},"end":{"line":32,"column":19}},"loc":{"start":{"line":32,"column":26},"end":{"line":39,"column":13}},"line":32},"8":{"name":"(anonymous_8)","decl":{"start":{"line":40,"column":19},"end":{"line":40,"column":20}},"loc":{"start":{"line":40,"column":28},"end":{"line":40,"column":55}},"line":40},"9":{"name":"(anonymous_9)","decl":{"start":{"line":42,"column":4},"end":{"line":42,"column":5}},"loc":{"start":{"line":42,"column":21},"end":{"line":64,"column":5}},"line":42},"10":{"name":"(anonymous_10)","decl":{"start":{"line":50,"column":18},"end":{"line":50,"column":19}},"loc":{"start":{"line":50,"column":26},"end":{"line":62,"column":13}},"line":50},"11":{"name":"(anonymous_11)","decl":{"start":{"line":60,"column":26},"end":{"line":60,"column":27}},"loc":{"start":{"line":60,"column":34},"end":{"line":60,"column":60}},"line":60},"12":{"name":"(anonymous_12)","decl":{"start":{"line":61,"column":27},"end":{"line":61,"column":28}},"loc":{"start":{"line":61,"column":36},"end":{"line":61,"column":63}},"line":61},"13":{"name":"(anonymous_13)","decl":{"start":{"line":63,"column":19},"end":{"line":63,"column":20}},"loc":{"start":{"line":63,"column":28},"end":{"line":63,"column":55}},"line":63},"14":{"name":"(anonymous_14)","decl":{"start":{"line":65,"column":4},"end":{"line":65,"column":5}},"loc":{"start":{"line":65,"column":22},"end":{"line":80,"column":5}},"line":65},"15":{"name":"(anonymous_15)","decl":{"start":{"line":68,"column":18},"end":{"line":68,"column":19}},"loc":{"start":{"line":68,"column":26},"end":{"line":78,"column":13}},"line":68},"16":{"name":"(anonymous_16)","decl":{"start":{"line":76,"column":26},"end":{"line":76,"column":27}},"loc":{"start":{"line":76,"column":32},"end":{"line":76,"column":54}},"line":76},"17":{"name":"(anonymous_17)","decl":{"start":{"line":77,"column":27},"end":{"line":77,"column":28}},"loc":{"start":{"line":77,"column":36},"end":{"line":77,"column":63}},"line":77},"18":{"name":"(anonymous_18)","decl":{"start":{"line":79,"column":19},"end":{"line":79,"column":20}},"loc":{"start":{"line":79,"column":28},"end":{"line":79,"column":55}},"line":79}},"branchMap":{"0":{"loc":{"start":{"line":33,"column":16},"end":{"line":37,"column":17}},"type":"if","locations":[{"start":{"line":33,"column":16},"end":{"line":37,"column":17}},{"start":{"line":33,"column":16},"end":{"line":37,"column":17}}],"line":33},"1":{"loc":{"start":{"line":51,"column":16},"end":{"line":55,"column":17}},"type":"if","locations":[{"start":{"line":51,"column":16},"end":{"line":55,"column":17}},{"start":{"line":51,"column":16},"end":{"line":55,"column":17}}],"line":51},"2":{"loc":{"start":{"line":58,"column":31},"end":{"line":58,"column":59}},"type":"binary-expr","locations":[{"start":{"line":58,"column":31},"end":{"line":58,"column":45}},{"start":{"line":58,"column":49},"end":{"line":58,"column":59}}],"line":58},"3":{"loc":{"start":{"line":69,"column":16},"end":{"line":73,"column":17}},"type":"if","locations":[{"start":{"line":69,"column":16},"end":{"line":73,"column":17}},{"start":{"line":69,"column":16},"end":{"line":73,"column":17}}],"line":69}},"s":{"0":1,"1":1,"2":1,"3":1,"4":1,"5":0,"6":1,"7":1,"8":0,"9":1,"10":1,"11":0,"12":1,"13":0,"14":1,"15":1,"16":0,"17":1,"18":1,"19":0,"20":0,"21":1,"22":1,"23":0,"24":1,"25":1,"26":0,"27":0},"f":{"0":1,"1":1,"2":0,"3":1,"4":1,"5":0,"6":1,"7":1,"8":0,"9":1,"10":1,"11":1,"12":0,"13":0,"14":1,"15":1,"16":1,"17":0,"18":0},"b":{"0":[0,1],"1":[0,1],"2":[1,0],"3":[0,1]},"_coverageSchema":"1a1c01bbd47fc00a2c39e90264f33305004495a9","hash":"a0593a8a5f02edfb14590485cecf115e7934d1b1"}
,"/Users/alexmagana/Documents/GitHub/postgres-express-node-app/server/models/index.js": {"path":"/Users/alexmagana/Documents/GitHub/postgres-express-node-app/server/models/index.js","statementMap":{"0":{"start":{"line":11,"column":11},"end":{"line":11,"column":24}},"1":{"start":{"line":12,"column":13},"end":{"line":12,"column":28}},"2":{"start":{"line":13,"column":18},"end":{"line":13,"column":38}},"3":{"start":{"line":14,"column":17},"end":{"line":14,"column":42}},"4":{"start":{"line":15,"column":12},"end":{"line":15,"column":49}},"5":{"start":{"line":16,"column":15},"end":{"line":16,"column":65}},"6":{"start":{"line":17,"column":11},"end":{"line":17,"column":13}},"7":{"start":{"line":20,"column":0},"end":{"line":26,"column":1}},"8":{"start":{"line":21,"column":2},"end":{"line":21,"column":74}},"9":{"start":{"line":23,"column":2},"end":{"line":25,"column":4}},"10":{"start":{"line":28,"column":0},"end":{"line":37,"column":5}},"11":{"start":{"line":31,"column":4},"end":{"line":33,"column":30}},"12":{"start":{"line":35,"column":18},"end":{"line":35,"column":85}},"13":{"start":{"line":36,"column":4},"end":{"line":36,"column":27}},"14":{"start":{"line":39,"column":0},"end":{"line":43,"column":3}},"15":{"start":{"line":40,"column":2},"end":{"line":42,"column":3}},"16":{"start":{"line":41,"column":4},"end":{"line":41,"column":32}},"17":{"start":{"line":45,"column":0},"end":{"line":45,"column":25}},"18":{"start":{"line":46,"column":0},"end":{"line":46,"column":25}},"19":{"start":{"line":48,"column":0},"end":{"line":48,"column":20}}},"fnMap":{"0":{"name":"(anonymous_0)","decl":{"start":{"line":30,"column":10},"end":{"line":30,"column":11}},"loc":{"start":{"line":31,"column":4},"end":{"line":33,"column":30}},"line":31},"1":{"name":"(anonymous_1)","decl":{"start":{"line":34,"column":11},"end":{"line":34,"column":12}},"loc":{"start":{"line":34,"column":19},"end":{"line":37,"column":3}},"line":34},"2":{"name":"(anonymous_2)","decl":{"start":{"line":39,"column":24},"end":{"line":39,"column":25}},"loc":{"start":{"line":39,"column":37},"end":{"line":43,"column":1}},"line":39}},"branchMap":{"0":{"loc":{"start":{"line":15,"column":12},"end":{"line":15,"column":49}},"type":"binary-expr","locations":[{"start":{"line":15,"column":12},"end":{"line":15,"column":32}},{"start":{"line":15,"column":36},"end":{"line":15,"column":49}}],"line":15},"1":{"loc":{"start":{"line":20,"column":0},"end":{"line":26,"column":1}},"type":"if","locations":[{"start":{"line":20,"column":0},"end":{"line":26,"column":1}},{"start":{"line":20,"column":0},"end":{"line":26,"column":1}}],"line":20},"2":{"loc":{"start":{"line":31,"column":4},"end":{"line":33,"column":30}},"type":"binary-expr","locations":[{"start":{"line":31,"column":5},"end":{"line":31,"column":28}},{"start":{"line":32,"column":5},"end":{"line":32,"column":22}},{"start":{"line":33,"column":5},"end":{"line":33,"column":29}}],"line":31},"3":{"loc":{"start":{"line":40,"column":2},"end":{"line":42,"column":3}},"type":"if","locations":[{"start":{"line":40,"column":2},"end":{"line":42,"column":3}},{"start":{"line":40,"column":2},"end":{"line":42,"column":3}}],"line":40}},"s":{"0":1,"1":1,"2":1,"3":1,"4":1,"5":1,"6":1,"7":1,"8":0,"9":1,"10":1,"11":3,"12":2,"13":2,"14":1,"15":2,"16":2,"17":1,"18":1,"19":1},"f":{"0":3,"1":2,"2":2},"b":{"0":[1,0],"1":[0,1],"2":[3,3,2],"3":[2,0]},"_coverageSchema":"1a1c01bbd47fc00a2c39e90264f33305004495a9","hash":"1521cb8c7aa5f6edfb9240fc1d198b8032d07890"}
,"/Users/alexmagana/Documents/GitHub/postgres-express-node-app/server/models/todo.js": {"path":"/Users/alexmagana/Documents/GitHub/postgres-express-node-app/server/models/todo.js","statementMap":{"0":{"start":{"line":4,"column":4},"end":{"line":4,"column":24}},"1":{"start":{"line":5,"column":0},"end":{"line":30,"column":2}},"2":{"start":{"line":14,"column":6},"end":{"line":17,"column":9}},"3":{"start":{"line":20,"column":2},"end":{"line":28,"column":5}},"4":{"start":{"line":29,"column":2},"end":{"line":29,"column":14}}},"fnMap":{"0":{"name":"(anonymous_0)","decl":{"start":{"line":5,"column":17},"end":{"line":5,"column":18}},"loc":{"start":{"line":5,"column":43},"end":{"line":30,"column":1}},"line":5},"1":{"name":"(anonymous_1)","decl":{"start":{"line":12,"column":4},"end":{"line":12,"column":5}},"loc":{"start":{"line":12,"column":29},"end":{"line":18,"column":5}},"line":12}},"branchMap":{},"s":{"0":1,"1":1,"2":1,"3":1,"4":1},"f":{"0":1,"1":1},"b":{},"_coverageSchema":"1a1c01bbd47fc00a2c39e90264f33305004495a9","hash":"97c2b2f96d1e42182b89d5c31f7c19035850cf25"}
,"/Users/alexmagana/Documents/GitHub/postgres-express-node-app/server/models/todoitem.js": {"path":"/Users/alexmagana/Documents/GitHub/postgres-express-node-app/server/models/todoitem.js","statementMap":{"0":{"start":{"line":4,"column":4},"end":{"line":4,"column":24}},"1":{"start":{"line":5,"column":0},"end":{"line":34,"column":2}},"2":{"start":{"line":14,"column":6},"end":{"line":17,"column":9}},"3":{"start":{"line":20,"column":2},"end":{"line":32,"column":5}},"4":{"start":{"line":33,"column":2},"end":{"line":33,"column":18}}},"fnMap":{"0":{"name":"(anonymous_0)","decl":{"start":{"line":5,"column":17},"end":{"line":5,"column":18}},"loc":{"start":{"line":5,"column":43},"end":{"line":34,"column":1}},"line":5},"1":{"name":"(anonymous_1)","decl":{"start":{"line":12,"column":4},"end":{"line":12,"column":5}},"loc":{"start":{"line":12,"column":29},"end":{"line":18,"column":5}},"line":12}},"branchMap":{},"s":{"0":1,"1":1,"2":1,"3":1,"4":1},"f":{"0":1,"1":1},"b":{},"_coverageSchema":"1a1c01bbd47fc00a2c39e90264f33305004495a9","hash":"b52186c95f14712fc5166204c8fe878f58a24fc3"}
,"/Users/alexmagana/Documents/GitHub/postgres-express-node-app/server/routes/index.js": {"path":"/Users/alexmagana/Documents/GitHub/postgres-express-node-app/server/routes/index.js","statementMap":{"0":{"start":{"line":1,"column":14},"end":{"line":1,"column":32}},"1":{"start":{"line":2,"column":18},"end":{"line":2,"column":40}},"2":{"start":{"line":4,"column":0},"end":{"line":7,"column":2}},"3":{"start":{"line":5,"column":4},"end":{"line":5,"column":15}},"4":{"start":{"line":6,"column":4},"end":{"line":6,"column":19}}},"fnMap":{"0":{"name":"(anonymous_0)","decl":{"start":{"line":4,"column":17},"end":{"line":4,"column":18}},"loc":{"start":{"line":4,"column":26},"end":{"line":7,"column":1}},"line":4}},"branchMap":{},"s":{"0":1,"1":1,"2":1,"3":1,"4":1},"f":{"0":1},"b":{},"_coverageSchema":"1a1c01bbd47fc00a2c39e90264f33305004495a9","hash":"b21b61c46a2539b9cf599b27dcc9c85bcbe75323"}
,"/Users/alexmagana/Documents/GitHub/postgres-express-node-app/server/routes/todoitems/index.js": {"path":"/Users/alexmagana/Documents/GitHub/postgres-express-node-app/server/routes/todoitems/index.js","statementMap":{"0":{"start":{"line":1,"column":28},"end":{"line":1,"column":66}},"1":{"start":{"line":3,"column":0},"end":{"line":12,"column":1}},"2":{"start":{"line":4,"column":4},"end":{"line":4,"column":69}},"3":{"start":{"line":5,"column":4},"end":{"line":5,"column":80}},"4":{"start":{"line":6,"column":4},"end":{"line":6,"column":84}},"5":{"start":{"line":9,"column":4},"end":{"line":11,"column":8}},"6":{"start":{"line":9,"column":54},"end":{"line":11,"column":6}}},"fnMap":{"0":{"name":"(anonymous_0)","decl":{"start":{"line":3,"column":17},"end":{"line":3,"column":18}},"loc":{"start":{"line":3,"column":26},"end":{"line":12,"column":1}},"line":3},"1":{"name":"(anonymous_1)","decl":{"start":{"line":9,"column":40},"end":{"line":9,"column":41}},"loc":{"start":{"line":9,"column":54},"end":{"line":11,"column":6}},"line":9}},"branchMap":{},"s":{"0":1,"1":1,"2":1,"3":1,"4":1,"5":1,"6":0},"f":{"0":1,"1":0},"b":{},"_coverageSchema":"1a1c01bbd47fc00a2c39e90264f33305004495a9","hash":"f3013a8325da4478c6f746a3e99cf24522c95a9b"}
,"/Users/alexmagana/Documents/GitHub/postgres-express-node-app/server/routes/todos/index.js": {"path":"/Users/alexmagana/Documents/GitHub/postgres-express-node-app/server/routes/todos/index.js","statementMap":{"0":{"start":{"line":1,"column":24},"end":{"line":1,"column":58}},"1":{"start":{"line":3,"column":0},"end":{"line":9,"column":1}},"2":{"start":{"line":4,"column":4},"end":{"line":4,"column":51}},"3":{"start":{"line":5,"column":4},"end":{"line":5,"column":48}},"4":{"start":{"line":6,"column":4},"end":{"line":6,"column":60}},"5":{"start":{"line":7,"column":4},"end":{"line":7,"column":58}},"6":{"start":{"line":8,"column":4},"end":{"line":8,"column":62}}},"fnMap":{"0":{"name":"(anonymous_0)","decl":{"start":{"line":3,"column":17},"end":{"line":3,"column":18}},"loc":{"start":{"line":3,"column":26},"end":{"line":9,"column":1}},"line":3}},"branchMap":{},"s":{"0":1,"1":1,"2":1,"3":1,"4":1,"5":1,"6":1},"f":{"0":1},"b":{},"_coverageSchema":"1a1c01bbd47fc00a2c39e90264f33305004495a9","hash":"797824c8f278c9badd7c4eded1c37a2052c113c4"}
}
