TN:
SF:server/controllers/index.js
FNF:0
FNH:0
DA:1,1
DA:2,1
DA:4,1
LF:3
LH:3
BRF:0
BRH:0
end_of_record
TN:
SF:server/controllers/todoitems.js
FN:4,(anonymous_0)
FN:10,(anonymous_1)
FN:11,(anonymous_2)
FN:13,(anonymous_3)
FN:21,(anonymous_4)
FN:29,(anonymous_5)
FN:30,(anonymous_6)
FN:32,(anonymous_7)
FN:34,(anonymous_8)
FN:42,(anonymous_9)
FN:50,(anonymous_10)
FN:51,(anonymous_11)
FN:53,(anonymous_12)
FNF:13
FNH:0
FNDA:0,(anonymous_0)
FNDA:0,(anonymous_1)
FNDA:0,(anonymous_2)
FNDA:0,(anonymous_3)
FNDA:0,(anonymous_4)
FNDA:0,(anonymous_5)
FNDA:0,(anonymous_6)
FNDA:0,(anonymous_7)
FNDA:0,(anonymous_8)
FNDA:0,(anonymous_9)
FNDA:0,(anonymous_10)
FNDA:0,(anonymous_11)
FNDA:0,(anonymous_12)
DA:1,1
DA:3,1
DA:5,0
DA:10,0
DA:11,0
DA:14,0
DA:22,0
DA:23,0
DA:27,0
DA:29,0
DA:30,0
DA:32,0
DA:35,0
DA:43,0
DA:44,0
DA:48,0
DA:50,0
DA:51,0
DA:53,0
LF:19
LH:2
BRDA:22,0,0,0
BRDA:22,0,1,0
BRDA:43,1,0,0
BRDA:43,1,1,0
BRF:4
BRH:0
end_of_record
TN:
SF:server/controllers/todos.js
FN:5,(anonymous_0)
FN:10,(anonymous_1)
FN:11,(anonymous_2)
FN:13,(anonymous_3)
FN:21,(anonymous_4)
FN:22,(anonymous_5)
FN:24,(anonymous_6)
FN:32,(anonymous_7)
FN:40,(anonymous_8)
FN:42,(anonymous_9)
FN:50,(anonymous_10)
FN:60,(anonymous_11)
FN:61,(anonymous_12)
FN:63,(anonymous_13)
FN:65,(anonymous_14)
FN:68,(anonymous_15)
FN:76,(anonymous_16)
FN:77,(anonymous_17)
FN:79,(anonymous_18)
FNF:19
FNH:12
FNDA:1,(anonymous_0)
FNDA:1,(anonymous_1)
FNDA:0,(anonymous_2)
FNDA:1,(anonymous_3)
FNDA:1,(anonymous_4)
FNDA:0,(anonymous_5)
FNDA:1,(anonymous_6)
FNDA:1,(anonymous_7)
FNDA:0,(anonymous_8)
FNDA:1,(anonymous_9)
FNDA:1,(anonymous_10)
FNDA:1,(anonymous_11)
FNDA:0,(anonymous_12)
FNDA:0,(anonymous_13)
FNDA:1,(anonymous_14)
FNDA:1,(anonymous_15)
FNDA:1,(anonymous_16)
FNDA:0,(anonymous_17)
FNDA:0,(anonymous_18)
DA:1,1
DA:2,1
DA:4,1
DA:6,1
DA:10,1
DA:11,0
DA:14,1
DA:21,1
DA:22,0
DA:25,1
DA:33,1
DA:34,0
DA:38,1
DA:40,0
DA:43,1
DA:51,1
DA:52,0
DA:56,1
DA:60,1
DA:61,0
DA:63,0
DA:66,1
DA:69,1
DA:70,0
DA:74,1
DA:76,1
DA:77,0
DA:79,0
LF:28
LH:18
BRDA:33,0,0,0
BRDA:33,0,1,1
BRDA:51,1,0,0
BRDA:51,1,1,1
BRDA:58,2,0,1
BRDA:58,2,1,0
BRDA:69,3,0,0
BRDA:69,3,1,1
BRF:8
BRH:4
end_of_record
TN:
SF:server/models/index.js
FN:30,(anonymous_0)
FN:34,(anonymous_1)
FN:39,(anonymous_2)
FNF:3
FNH:3
FNDA:3,(anonymous_0)
FNDA:2,(anonymous_1)
FNDA:2,(anonymous_2)
DA:11,1
DA:12,1
DA:13,1
DA:14,1
DA:15,1
DA:16,1
DA:17,1
DA:20,1
DA:21,0
DA:23,1
DA:28,1
DA:31,3
DA:35,2
DA:36,2
DA:39,1
DA:40,2
DA:41,2
DA:45,1
DA:46,1
DA:48,1
LF:20
LH:19
BRDA:15,0,0,1
BRDA:15,0,1,0
BRDA:20,1,0,0
BRDA:20,1,1,1
BRDA:31,2,0,3
BRDA:31,2,1,3
BRDA:31,2,2,2
BRDA:40,3,0,2
BRDA:40,3,1,0
BRF:9
BRH:6
end_of_record
TN:
SF:server/models/todo.js
FN:5,(anonymous_0)
FN:12,(anonymous_1)
FNF:2
FNH:2
FNDA:1,(anonymous_0)
FNDA:1,(anonymous_1)
DA:4,1
DA:5,1
DA:14,1
DA:20,1
DA:29,1
LF:5
LH:5
BRF:0
BRH:0
end_of_record
TN:
SF:server/models/todoitem.js
FN:5,(anonymous_0)
FN:12,(anonymous_1)
FNF:2
FNH:2
FNDA:1,(anonymous_0)
FNDA:1,(anonymous_1)
DA:4,1
DA:5,1
DA:14,1
DA:20,1
DA:33,1
LF:5
LH:5
BRF:0
BRH:0
end_of_record
TN:
SF:server/routes/index.js
FN:4,(anonymous_0)
FNF:1
FNH:1
FNDA:1,(anonymous_0)
DA:1,1
DA:2,1
DA:4,1
DA:5,1
DA:6,1
LF:5
LH:5
BRF:0
BRH:0
end_of_record
TN:
SF:server/routes/todoitems/index.js
FN:3,(anonymous_0)
FN:9,(anonymous_1)
FNF:2
FNH:1
FNDA:1,(anonymous_0)
FNDA:0,(anonymous_1)
DA:1,1
DA:3,1
DA:4,1
DA:5,1
DA:6,1
DA:9,1
LF:6
LH:6
BRF:0
BRH:0
end_of_record
TN:
SF:server/routes/todos/index.js
FN:3,(anonymous_0)
FNF:1
FNH:1
FNDA:1,(anonymous_0)
DA:1,1
DA:3,1
DA:4,1
DA:5,1
DA:6,1
DA:7,1
DA:8,1
LF:7
LH:7
BRF:0
BRH:0
end_of_record
